<?xml version="1.0" encoding="UTF-8"?>
<!-- Generated by org.testng.reporters.JUnitReportReporter -->
<testsuite skipped="0" hostname="ThisPC" name="com.Selenium_Practies.PageObjects.demo" tests="1" failures="0" timestamp="2022-12-17T16:52:03 IST" time="5.476" errors="0">
  <testcase name="setUp" time="5.476" classname="com.Selenium_Practies.PageObjects.demo"/>
  <system-out/>
</testsuite> <!-- com.Selenium_Practies.PageObjects.demo -->
